<?xml version="1.0" encoding="UTF-8"?>
<!-- Generated by org.testng.reporters.JUnitReportReporter -->
<testsuite hostname="IN-HLWSZD3" failures="0" tests="3" name="Suit.Test" time="0.009" errors="0" timestamp="2023-08-13T01:19:20 IST" skipped="0">
  <testcase classname="Suit.Test" name="Test1" time="0.007"/>
  <system-out/>
  <testcase classname="Suit.Test" name="Test2" time="0.001"/>
  <system-out/>
  <testcase classname="Suit.Test" name="Test3" time="0.001"/>
  <system-out/>
</testsuite> <!-- Suit.Test -->
